<?xml version="1.0" encoding="UTF-8"?>
<!-- Generated by org.testng.reporters.JUnitReportReporter -->
<testsuite hostname="DESKTOP-I1LFNC6" failures="0" tests="5" name="Test.SearchForServicesTest" time="26.187" errors="0" timestamp="2022-12-04T17:37:48 IST" skipped="0">
  <testcase classname="Test.SearchForServicesTest" name="setup_open_url" time="16.898"/>
  <system-out/>
  <testcase classname="Test.SearchForServicesTest" name="search_for_car_washing_services" time="2.491"/>
  <system-out/>
  <testcase classname="Test.SearchForServicesTest" name="click_on_search_button" time="3.749"/>
  <system-out/>
  <testcase classname="Test.SearchForServicesTest" name="display_services_on_console" time="2.562"/>
  <system-out/>
  <testcase classname="Test.SearchForServicesTest" name="close_browser" time="0.487"/>
  <system-out/>
</testsuite> <!-- Test.SearchForServicesTest -->
