<?xml version="1.0" encoding="UTF-8"?>
<!-- Generated by org.testng.reporters.JUnitReportReporter -->
<testsuite hostname="DESKTOP-I1LFNC6" failures="0" tests="4" name="Test.FitnessPageTest" time="13.186" errors="0" timestamp="2022-12-04T17:46:13 IST" skipped="0">
  <testcase classname="Test.FitnessPageTest" name="fitness" time="7.011"/>
  <system-out/>
  <testcase classname="Test.FitnessPageTest" name="gym" time="3.687"/>
  <system-out/>
  <testcase classname="Test.FitnessPageTest" name="DisplaySubMenu" time="2.156"/>
  <system-out/>
  <testcase classname="Test.FitnessPageTest" name="ClosePage" time="0.332"/>
  <system-out/>
</testsuite> <!-- Test.FitnessPageTest -->
